<?xml version="1.0" encoding="UTF-8"?>
<testng-results skipped="0" failed="0" ignored="0" total="1" passed="1">
  <reporter-output>
  </reporter-output>
  <suite name="Default suite" duration-ms="2951" started-at="2022-06-24T11:05:50 ICT" finished-at="2022-06-24T11:05:53 ICT">
    <groups>
    </groups>
    <test name="Default test" duration-ms="2951" started-at="2022-06-24T11:05:50 ICT" finished-at="2022-06-24T11:05:53 ICT">
      <class name="Tes_RestAssured.APITestingFramework.TestAPI9">
        <test-method status="PASS" signature="GetDataDetails()[pri:0, instance:Tes_RestAssured.APITestingFramework.TestAPI9@15d0c81b]" name="GetDataDetails" duration-ms="2913" started-at="2022-06-24T11:05:50 ICT" finished-at="2022-06-24T11:05:53 ICT">
          <reporter-output>
          </reporter-output>
        </test-method> <!-- GetDataDetails -->
      </class> <!-- Tes_RestAssured.APITestingFramework.TestAPI9 -->
    </test> <!-- Default test -->
  </suite> <!-- Default suite -->
</testng-results>
